私は昨日公園で友達と遊んだ。
犬が庭で走っている。
私は本を読んでいます。
彼女は先週東京へ旅行に行った。
私は学校で友達と勉強した。
彼は車で会社に通っている。
あなたは何を考えているんですか？
彼女は私に手紙を書いた。
父は毎晩ビールを飲む。
昨日は雨が降った。
私は友達と映画を見に行く予定だ。
彼はボランティア活動に参加している。
子供たちは公園で遊んでいる。
私たちは海外旅行に行く計画を立てている。
彼女は料理が得意だ。
兄は大学で経済学を勉強している。
私はお茶を飲みながら本を読んでいる。
彼女は毎朝ジョギングをしている。
私は今日会社を休んでいます。
彼は山田さんの話を聞いて感動した。
子供たちはおもちゃで遊んでいる。
私たちは今日の会議に出席する必要がある。
彼女は自分で服を作るのが好きだ。
父は車を運転するのが上手だ。
私は友達とカフェで会う予定だ。
彼は新しいパソコンを買った。
私たちはプロジェクトの進捗状況を報告する必要がある。
彼女は日本語を勉強している。
私は新しい仕事に就く予定だ。
彼は友達の家に泊まるつもりだ。
子供たちは絵を描いている。
私たちは来週の旅行の準備をしている。
彼女は音楽が好きだ。
父は料理が得意ではない。
私は今日の天気が気になる。
彼は新しいスマートフォンを買った。
彼女は学校で英語を教えている。
私たちは今日の会議の議題を決める必要がある。
彼は将来の夢について語った。
子供たちは楽器を演奏している。
私は家でゆっくりと過ごす予定だ。
彼女は美容に興味がある。
父は朝食にシリアルを食べる。
私は毎週末友達と遊ぶことにしている。
彼は誕生日にプレゼントをもらった。
彼女は自分で花を育てている。
子供たちは運動会で頑張っている。
私たちは旅行先でたくさんの写真を撮った。
彼は自転車で通勤している。
彼女は毎晩お風呂に入る。
父は休日にゴルフをするのが趣味だ。
私は新しい趣味を見つけようとしている。
彼は大学でアメリカ文学を研究している。
彼女は旅行の計画を立てている。
子供たちは動物園で楽しんでいる。
私たちはプレゼンテーションの準備をしている。
彼は仕事でストレスを感じている。
彼女は自分で家具を作るのが趣味だ。
父は昔はサッカーをしていた。
私は週末に映画を見るのが好きだ。
彼は転職を考えている。
子供たちは友達と一緒に遊んでいる。
私たちは新しい製品の開発に取り組んでいる。
彼女は新しいアクセサリーを買った。
彼は家族と一緒にピクニックに行った。
父は毎日新聞を読むのが習慣だ。
私は音楽を聴きながら仕事をするのが好きだ。
彼女は犬を飼っている。
子供たちはお菓子を作っている。
私たちは来週の展示会に参加する予定だ。
彼は外国語が得意だ。
彼女は旅行のお土産に手作りのキーホルダーを作った。
父は毎日散歩をするのが健康に良いと思っている。
私は春に桜を見に行くのが好きだ。
彼は車の運転が上手だ。
彼女は週末に友達とカフェ巡りをするのが趣味だ。
子供たちは海で泳いでいる。
私は昨日公園で友達に会いました。
彼女はいつも犬を散歩させています。
今日はとても寒いので、家で過ごすつもりです。
私たちは明日早く起きる予定です。
彼は一生懸命勉強しているようです。
彼女は美味しい料理を作ってくれました。
私たちはたくさんの問題に直面しています。
その本はとても興味深い内容でした。
彼は足が速く、スポーツが得意です。
私は毎日ジョギングをして健康を保っています。
彼女はいつも笑顔でいるので、周りの人たちも元気になります。
私たちは先週の会議で新しいプロジェクトについて話し合いました。
彼は背が高くて、スタイルが良いです。
私は明日の予定がまだ決まっていません。
彼女は料理が上手で、よくパーティーを開きます。
私たちは学校でたくさんのことを学びます。
彼は誰にでも親切に接する人です。
今日は天気が良くて、気持ちがいいです。
彼女はとても美人で、多くの人から人気があります。
私たちは来月の旅行に向けて準備をしています。
彼はいつも正直で、信頼できる人です。
私は普段はコーヒーを飲みますが、今日は紅茶を飲みました。
彼女は仕事が忙しくて、あまり時間がありません。
私たちは社会貢献について考えることが大切だと思います。
彼は新しいアイデアを出すのが得意です。
私は犬が大好きで、毎日散歩に出かけます。
彼女はいつも親切にしてくれるので、助かります。
私たちは昨日の夜遅くまで仕事をしていました。
彼はスポーツに興味があり、特にサッカーが好きです。
私は漫画が大好きで、よく読んでいます。
彼女はとても優秀で、多くの人から尊敬されています。
彼はいつも自分の意見をはっきりと述べます。
私は旅行に行くときは必ずカメラを持っていきます。
彼女はいつも笑顔で話しかけてくれるので、とても居心地が良いです。
私たちはこの問題に対して、何か解決策を考える必要があります。
彼は人の話をよく聞くので、コミュニケーション能力が高いです。
私は今月の給料が出たら、旅行に行く予定です。
彼女はいつも手際よく家事をこなしています。
私たちはこの問題を解決するために、専門家の意見を聞いています。
彼は物事を深く考えるタイプで、知的好奇心が旺盛です。
私は週末は家でゆっくり過ごすのが好きです。
彼女は職場でも人気があり、仕事でも活躍しています。
私たちはこの件に関して、全員で話し合うことにしました。
彼は料理が得意で、よく友達を招いて食事をします。
私は映画を見るときは、いつもポップコーンを買います。
彼女は子供たちに優しく接するので、保育園の先生としてぴったりです。
私たちはこのプロジェクトを成功させるために、全力を尽くします。
彼はいつも自分の意見を曲げずに、自分の信念に従って行動します。
私は新しい趣味を始めたいと思っています。
彼は人付き合いが上手で、どんな場面でも自然な振る舞いができます。
私は野球観戦が好きで、週末はよく球場に行きます。
彼女はいつも真面目に取り組む姿勢が素晴らしいです。
私は毎日の運動を欠かさずに行うことで、健康的な生活を送っています。
彼女はいつも環境に優しい生活を送ることを心がけています。
彼は常に謙虚で、他人の意見を尊重します。
私は毎週末に友達と集まって、映画を見たりおしゃべりしたりしています。
彼は物事を深く考えるので、よく新しいアイデアを出してくれます。
私は音楽を聴くことで、ストレス解消をしています。
彼女はいつも人の気持ちを理解して、的確なアドバイスをくれます。
私たちはこの件について、いろいろな角度から検討しました。
彼は常に周りの人たちを励まし、チームワークを高めます。
彼女はいつも周りに気を配り、他人に対して思いやりを持って接します。
彼は物事を分析的に考えるので、冷静な判断を下すことができます。
私は外食するときは、いつも新しいお店を探しています。
彼はいつも物事を前向きに捉え、困難な状況でも諦めません。
私は週末には、家族と過ごす時間を大切にしています。
彼女はいつも目標を明確にして、そのための具体的な行動を起こします。
彼は常に細かいところまで注意を払い、失敗を防ぎます。
私は旅行に行くときは、必ず現地の文化を学ぶようにしています。
彼女はいつも自分に正直であり、自分の気持ちを大切にしています。
彼はいつも正確で、ミスを許さない性格です。
私は読書をすることで、自分自身を発展させることができます。
彼女はいつも人を笑顔にし、周りの雰囲気を明るくします。
猫が公園の木の上にいるよ。
森でリスが木の実を食べているよ。
ふわふわした雲が空に浮かんでいるよ。
風車がまわっているよ。
川で魚が泳いでいるよ。
小さな花が庭に咲いているよ。
青い車が道路を走っているよ。
赤いりんごが机の上にあるよ。
白いうさぎが公園で飛び跳ねているよ。
大きな木の下でお弁当を食べよう。
小さなカエルが池で泳いでいるよ。
大好きな絵本を読もう。
きれいな星が夜空に輝いているよ。
ボールを蹴って遊ぼう。
青い空が広がっているよ。
色とりどりの風船が浮かんでいるよ。
鳥が木の枝にとまってさえずっているよ。
虹色の花火が上がっているよ。
ゴールデンレトリバーの子犬がかわいいよ。
暑い夏には、かき氷がおいしいよ。
綺麗な貝殻を拾ってみよう。
お花見に行こう。
電車に乗って旅行しよう。
うまいものを食べよう。
お月様が夜空に浮かんでいるよ。
真っ赤なトマトが畑に実っているよ。
クマのぬいぐるみを抱っこしよう。
車の音が道路から聞こえてくるよ。
丸いボールを転がして遊ぼう。
黄色い花が咲いているよ。
嵐が来ているから、家にいよう。
可愛い子猫を撫でよう。
ひまわり畑に行こう。
うさぎとかめの童話を読もう。
ピクニックに行って、お弁当を食べよう。
甘いスイカが夏にぴったりだよ。
色とりどりのバルーンが空に浮かんでいるよ。
紅葉の美しい公園を散歩しよう。
ピンク色の桜が春に咲くよ。
学校にはたくさんの友達がいるよ。
夏祭りに行って、夏の思い出を作ろう。
雪が降ったら、雪だるまを作ろう。
お母さんと一緒にお買い物に行こう。
可愛い子犬がほしくなっちゃうね。
美味しいおやつを作って、家族と一緒に食べよう。
海で泳いだら、魚やカニに会えるかもしれないよ。
花火大会で夏の夜を楽しもう。
森の中を歩いて、冒険しよう。
豪華なクリスマスツリーがある街並みを見に行こう。
みんなで遊んで、たくさん笑おう。
お母さんに手紙を書いてみよう。
かわいいぬいぐるみと一緒に寝よう。
雪が降ったら、雪合戦をしよう。
色とりどりのお花を摘んで、花束を作ろう。
おじいちゃん、おばあちゃんに会いに行こう。
お父さんと一緒に釣りをしよう。
大きな公園でお弁当を食べよう。
一緒に絵を描こう。
春には新しい生命が生まれるよ。
ゴールデンウィークに旅行に行こう。
バレンタインデーにお友達にチョコレートをあげよう。
クリスマスには、家族や友達とケーキを食べよう。
おしゃべりしたくなったら、友達に電話をしよう。
パパとママと一緒にピザを作って、パーティをしよう。
大切な家族と一緒に過ごす時間が一番幸せだよ。
大雨の日は家で過ごして、お話を聞こう。
春には桜の花びらが舞い落ちるよ。
暑い夏にはかき氷を食べよう。
色とりどりのボールで遊んで、夢中になろう。
かわいいペットを飼ってみよう。
学校で勉強をがんばろう。
夏休みには、友達とプールに行こう。
雨の日は、カエルの鳴き声が聞こえるよ。
お兄さんと一緒にゲームをしよう。
お姉さんと一緒におしゃべりをしよう。
花畑に行って、たくさんの花を見よう。
冬は雪が降るので、雪かきをしよう。
おばあちゃんの作るおやつはいつも美味しいよ。
秋には紅葉がきれいだよ。
風船で遊んで、楽しい時間を過ごそう。
サンタさんからプレゼントをもらおう。
パパと一緒に音楽を聞こう。
ママと一緒にお料理を作って、おいしいごはんを食べよう。
雨の日は家でおもちゃで遊ぼう。
かわいいお花を摘んで、ママにプレゼントしよう。
兄弟と一緒にお絵かきをしよう。
夏には、かき氷を食べて、夏バテをしないようにしよう。
春には鳥のさえずりが聞こえるよ。
雨の日は、お家で読書をしよう。
冬には暖かいお風呂に入って、温まろう。
パパの趣味を一緒に楽しもう。
ママの手料理はいつも美味しいよ。
夏休みにはたくさん遊んで、思い出を作ろう。
雨の日は、ママと一緒に手作りおもちゃを作ろう。
秋には、どんぐり拾いをしよう。
兄弟と一緒にお菓子を作ろう。
夏には花火があがるよ。
かわいい動物園で動物を見て、楽しもう。
明日は学校が休みだよ。
ピクニックに行って、おいしいお弁当を食べよう。
お正月にはお年玉がもらえるよ。
クリスマスには、イルミネーションを見に行こう。
ドーナツを食べたら、お腹がいっぱいになるよ。
季節の果物を食べて、栄養をとろう。
サッカーで勝つためには、チームワークが大切だよ。
おしゃべりをして、楽しい時間を過ごそう。
誕生日には、ケーキを食べよう。
毎日、お家のお手伝いをしよう。
飛行機に乗って、旅行に行こう。
ペットを飼って、一緒に遊ぼう。
フルーツジュースを飲んで、元気を出そう。
赤ちゃんは、ねんねが大切だよ。
家族でお出かけして、思い出を作ろう。
雨が降ったら、カサをさそう。
春休みには、お花見に行こう。
おばあちゃんの家に行って、おいしい料理を食べよう。
おじいちゃんのお話を聞いて、たくさん学ぼう。
雨の日は、ジャンプして水たまりを飛び越えよう。
紙飛行機を作って、飛ばして遊ぼう。
お弁当を作って、ピクニックに行こう。
カラオケで歌って、ストレスを発散しよう。
毎日、勉強をして、成績を上げよう。
好きな本を読んで、想像力を広げよう。
水泳で泳ぎを上達させよう。
お魚を食べて、栄養をとろう。
スポーツで運動不足を解消しよう。
ピザを食べたら、笑顔になろう。
バレエを習って、優雅に踊れるようになろう。
ドラえもんのアニメを見て、夢の世界に旅しよう。
お菓子を作って、家族や友達とシェアしよう。
ネコが庭にいます。
私はリンゴが好きです。
犬はボールを取ります。
あなたの髪の毛はきれいです。
リンゴを食べると元気になります。
雨が降ると、地面が濡れます。
朝は目が覚めると、布団を畳みます。
お母さんが料理を作ってくれます。
妹はピアノを弾きます。
お父さんは新聞を読んでいます。
リンゴは赤いです。
学校にはたくさんの友達がいます。
花はきれいです。
サンドイッチを作りましょう。
おばあさんは優しいです。
車は速いです。
クッキーを食べると、おいしいです。
ボールを投げると、犬が追いかけます。
いもりは穴を掘ります。
クマは森の中に住んでいます。
きつねはしっぽがふさふさしています。
ひよこは小さいです。
ゾウは大きいです。
しまじろうはたくさんの友達がいます。
ハムスターは回し車を回します。
ウサギはにんじんが好きです。
ペンギンは泳ぐのが上手です。
くまのプーさんははちみつが好きです。
パンダは竹を食べます。
ライオンは力が強いです。
イヌワシは空を飛びます。
とんかつはおいしいです。
タコさんは足がたくさんあります。
カニさんはかたい殻があります。
あなたはかっこいいです。
おばあちゃんはやさしいです。
おじいちゃんはおもしろい話をしてくれます。
お兄ちゃんは強いです。
お姉ちゃんはかわいいです。
おとうさんはやさしいです。
おかあさんは美味しい料理を作ります。
かえるさんはプカプカ浮きます。
かたつむりさんはおうちを背負っています。
きんぎょさんは泳ぎます。
私は数学が得意だ。
彼女は音楽が好きで、ピアノを弾くことができる。
先生が言ったことは全員に伝えるように言われた。
明日は雨が降るという予報が出ている。
あの山の上には美しい城が見える。
今日はテストがあって、みんな真剣に取り組んでいた。
毎日、学校の帰りに図書館で本を借りている。
この本を読むと、日本の歴史がよくわかる。
私は漢字を書くのが苦手だ。
世界中にはたくさんの文化があり、それぞれに面白いところがある。
私は将来、医者になりたいと思っている。
サッカーが好きで、週末は必ず友達とプレーしている。
あなたが言うことは、私たちにとってとても大切だ。
彼女はいつも笑っていて、周りを明るくしている。
彼は将来的には大統領になる可能性がある。
私たちは一緒に仕事をするために集まった。
彼女はとても優秀で、たくさんの受賞歴を持っている。
今回のプロジェクトには、多くのチームメンバーが参加している。
この映画は、感動的なストーリーと素晴らしい演技で人々を魅了している。
今年の夏休みは、日本国内を旅行する予定だ。
彼は論理的に考えることが得意で、よく問題を解決することができる。
今週はテストがたくさんあって、忙しい。
私たちは常に最善を尽くして、チームの目標を達成するために頑張っている。
彼女は本を読むのが大好きで、たくさんの本を持っている。
私たちはお互いに協力し合って、プロジェクトを成功に導こうとしている。
あのねこは屋根の上にいる。
わたしは毎日学校に行く。
きのうの晩ごはんはカレーライスだった。
田中くんはピアノを弾くのがうまい。
あの花は赤い花で、とてもきれいだ。
いつも公園でサッカーをしている。
このカバンには本やノートが入っている。
わたしの趣味はお菓子を作ることだ。
今日の天気は曇りだけど、雨は降らないみたい。
駅前にはたくさんの人がいて、にぎやかだった。
毎日、部屋を片付ける練習をしている。
明日は運動会なので、早く寝よう。
この映画はとてもおもしろくて、何回も見たくなる。
いつもおいしい弁当を作ってくれるお母さんに感謝している。
あの人はいつも元気で、話し上手だ。
兄はいつも家に帰ると、すぐに宿題をする。
今週の土曜日には友だちの誕生日会がある。
毎日、学校から帰ったら、すぐにお風呂に入る習慣がある。
わたしの好きな食べ物は寿司だ。
パパは車を運転するのが上手で、いつも安全に運転してくれる。
おばあちゃんがくれたマフラーがあたたかくて、冬でも寒くない。
ママがいつも健康的な食事を作ってくれるので、体が健康だ。
今日の授業では新しい単語をたくさん覚えた。
あの子は勉強もスポーツも上手で、すごい才能がある。
この本は面白い物語がたくさんあって、読み終わるのが楽しみだ。
毎日、学校で勉強したことを家で復習する習慣がある。
わたしの家の近くには公園があって、よく遊びに行く。
私は公園で遊んでいます。
お父さんはお店で買い物をしています。
妹は学校で友達と遊んでいます。
今日は晴れていて気持ちがいいですね。
あの人はとても上手に歌が歌えます。
私たちはおばあちゃんの家に行きました。
りんごはとてもおいしい果物です。
お母さんは今日もおいしいご飯を作ってくれました。
ここは私たちの学校です。
公園でたくさんの鳥が鳴いています。
わたしはおばあちゃんと一緒に本を読んでいます。
私たちは運動会でたくさん走りました。
友達と一緒に遊びに行きました。
父が昨日買った車は赤いです。
おばあちゃんは毎朝、庭で花を育てています。
今日は友達と一緒に遊ぶ予定です。
私は毎日、学校でお勉強をしています。
この公園にはたくさんの木があります。
兄は今、野球部で活躍しています。
今日は家族でピクニックに行く予定です。
私は好きな果物がりんごです。
学校の先生はとても優しい人です。
母が作るお弁当はいつもおいしいです。
この公園にはたくさんのお花が咲いています。
妹はバレエを習っています。
お父さんが買ってくれたおもちゃはとても楽しいです。
友達と一緒に遊びに行くのが楽しみです。
私たちは公園でサッカーをしました。
この部屋は私たちの寝室です。
お母さんは毎日、家事をしてくれています。
妹が昨日作ったお菓子はとてもおいしかったです。
私は猫が好きです。
友達と一緒に遊びに行くと楽しいです。
この公園には大きな池があります。
毎日、学校から帰ったら宿題をする。
友達と遊ぶときは、公園で待ち合わせる。
先生が出した問題は難しくて、解けなかった。
今度の運動会は、4月22日に行われる予定だ。
明日は授業で、社会のテストがある。
普段は水を飲んでいるが、たまにはジュースを飲む。
父が買ってくれた自転車は、とてもかっこいい。
お金がないので、新しい服を買えない。
私たちは友達同士で、一緒に旅行に行く予定だ。
インターネットで調べた情報は、信じられないこともある。
去年の夏休みは、沖縄に旅行に行った。
祖母が作ってくれたおやつは、いつも美味しい。
今日の天気は、晴れで気持ちがいい。
兄が学校で習ったことを、私に教えてくれた。
明日は友達の誕生日で、プレゼントを買わなければならない。
漢字の書き方が分からないので、辞書で調べた。
私は今日から部活動に入ることにした。
この本は、とても面白いので、ぜひ読んでほしい。
学校で行われる文化祭の準備が進んでいる。
私は絵を描くことが好きで、よく絵を描く。
家族で旅行に行くときは、車で移動することが多い。
今日のお昼は、カレーライスを食べた。
兄は大学生で、経済学を勉強している。
友達と遊ぶときは、いつも公園でサッカーをする。
これからもっと勉強して、成績を上げたい。
祖父は去年、80歳になった。
先週の日曜日は、家族で映画を見に行った。
将来の夢は、医者になることだ。
私はおやつにクッキーを食べました。
あの子は学校に友達と一緒に行きました。
母は朝食に卵焼きを作ってくれました。
私は昨日図書館で本を借りました。
父は今夜帰ってくるそうです。
彼女はピアノが上手です。
あの店はとてもおいしいラーメンを出します。
友達と公園で遊びました。
私たちは明日の運動会に備えて練習をしました。
姉はおしゃれが好きで、いつもオシャレな服を着ています。
母はお米を研いでから炊飯器に入れます。
今日は晴れていて、とても気持ちがいいです。
私はプールで泳ぎました。
先生は私たちに宿題を出しました。
兄はスポーツが得意で、サッカーとバスケットボールをしています。
お風呂で体を洗いました。
私は学校から帰った後、部屋で勉強をしました。
今度の休日はどこに行こうか、考えています。
おばあちゃんは毎日お花のお世話をしています。
あの山は雪がたくさん降っていて、真っ白です。
犬は飼い主の言うことをよく聞きます。
このお店はおしゃれな雑貨がたくさんあります。
今日のお昼はカレーを食べました。
私の家には庭があります。
妹はテニスを始めてから、上達しました。
今日はおばあちゃんの家に行って、一緒に料理を作ります。
私は明日の授業の準備をしました。
夏休みは友達と海に行く予定です。
この本は面白いので、読んでみてください。
雨が降っていたので、家でゆっくり過ごしました。
父は毎日仕事が忙しくて、帰りが遅いです。
学校で友達と一緒にお弁当を食べました。
父は毎朝、新聞を読んでいます。
その犬は公園で走っている。
私たちは来週の土曜日にピクニックに行く予定です。
学校から帰ってきたら、宿題をします。
この山は冬には雪がたくさん降ります。
先生は授業中、生徒たちの質問に答えてくれる。
ゴミを出すのを忘れないようにしよう。
彼女はいつも明るい笑顔をしている。
私は毎晩、寝る前に本を読む習慣があります。
公園で友達と遊んでいる時、お腹が空いた。
私たちは今、学校で英語を勉強しています。
兄は毎日、自転車で学校に通っている。
この映画はとても感動的なストーリーがある。
夏休みには海に行きたいと思っている。
彼女は本当に美しい花を育てることができる。
私は今、お腹がすいている。
毎日、家で犬と遊んでいます。
先生は生徒たちの成績をつけてくれる。
パンを焼くときは、材料をしっかりと測ってください。
友達と一緒に遊んでいる時、怪我をしないように注意しよう。
学校の先生はいつも生徒たちにたくさんのことを教えてくれる。
彼女はお茶を淹れるのが上手です。
私たちはクリスマスに家族でパーティーを開くことになっています。
この本はとても面白いストーリーがある。
私たちは今、体育館で運動しています。
毎週の掃除の日には、部屋をきれいにするようにしています。
彼女はいつも可愛い服を着ている。
犬は人間の良きパートナーです。
毎晩、父が私たちに絵本を読んでくれます。
この部屋にはたくさんの本があります。
したがって、明日は休みになります。
しかしながら、彼女は来週まで滞在するつもりだ。
それにしても、この景色は美しい。
または、別の日程で予約することができます。
すなわち、私たちは新しい戦略を必要としている。
それでは、今から始めましょう。
また、その問題について話し合いましょう。
逆に、その商品は評価が高い。
一方で、彼女はスポーツに興味がない。
しかし、私たちはまだ成功に向かって努力しています。
したがって、この案は採用されるでしょう。
しかも、その商品は安くて高品質だ。
それでも、私たちは諦めない。
それに比べて、あの店はとても高い。
また、このイベントには多くの人が参加するだろう。
つまり、私たちはすぐに行動する必要がある。
それに対して、彼女は全く反応しなかった。
逆に、この部屋は広くて明るい。
それでは、早速始めましょう。
または、別の方法を考えることもできます。
一方、彼は新しいプロジェクトを始めた。
また、この問題については後日議論することにしましょう。
しかしながら、その計画はまだ未定である。
それにもかかわらず、彼女は最高の成績を収めた。
すなわち、私たちはより効果的な方法を模索する必要がある。
それでも、私たちは前向きに考えています。
また、彼女は社交的な性格である。
それに比べて、あなたの提案は現実的ではない。
しかも、そのプロジェクトは大成功を収めた。
それでは、この会議を終了しましょう。
また、この件については改めてご連絡いたします。
それに対して、彼は強い不満を示した。
逆に、その会社は過去に多くの問題を抱えていた。
それでも、私たちは前向きに考えて、改善を目指している。
または、別の選択肢を検討することができます。
今日は天気が良い。しかし外出する予定はありません。
彼は仕事ができる。しかしながらチームワークが苦手だ。
美味しい料理だったが、量が少なすぎた。
このシャツはデザインは良い。ただし素材があまり好みではない。
前回の試合は勝ったが、今回は負けた。
彼女は頭が良い。ただ、ときどき忘れっぽい。
私の家は静かだ。ただ最近は工事の音がうるさい。
この映画は面白い。しかしラストシーンが予想できすぎている。
彼は優秀だ。ただプレッシャーに弱い。
彼女の誕生日プレゼントは素晴らしかった。ただ値段が高すぎた。
雨が降っている。それでも散歩に出かけたい気分だ。
今日は風が強い。しかしながら気温は高い。
彼は熱心だが、ときどき無責任な行動をとる。
彼女の歌声は美しい。ただ歌詞が平凡だ。
暑い日だったが、涼しいお店で過ごすことができた。
彼は話上手だが、聞き上手ではない。
この本は面白い。ただし表紙のデザインが派手すぎる。
勉強は苦手だが、運動は得意だ。
私たちは仲がいい。ただし考え方が異なることもある。
この靴は履きやすい。ただ見た目が地味だ。
彼女は穏やかだが、怒ると怖い。
彼は情熱的だが、ときどき衝動的な行動をとる。
このカフェは雰囲気が良い。ただ、コーヒーの味は普通だ。
花火大会は楽しい。ただし混雑が嫌いな人には向かない。
彼は人気者だが、本当の友人はほとんどいない。
この料理は美味しい。ただ、スパイスが強すぎる。
彼女は美人だが、化粧を落とすと全然違う。
今月の売上は好調だ。ただ、来月の見通しが立たない。
彼は正直だが、口が軽い。
彼女は派手な格好が好きだが、私は地味な服装が好きだ。
この映画は感動的だが、長すぎる。
彼はおおらかだが、気が短い。
この景色は美しいが、虫が多すぎる。
彼女は誠実だが、マイペース過ぎる。
このバッグは軽い。ただし、収納力が少ない。
彼は有名だが、自分勝手な人柄が嫌いな人もいる。
今月の予算は多い。ただし、来月は少ない。
彼女は賢いが、計画的に行動することが苦手だ。
このアイスクリームは美味しい。ただ、値段が高い。
彼は努力家だが、時間にルーズだ。
夏は暑い。しかし海で泳ぐのは気持ちいい。
お父さんが忙しい。だからお弁当を作る。
今日は晴れ。それで外で遊ぶのが楽しい。
友達が来る。だからお菓子を作ろう。
お母さんは忙しい。だから手伝おう。
学校が終わった。しかし宿題がある。
兄弟とけんかした。でも仲直りしたら楽しい。
趣味は絵を描くこと。したがって絵を描く時間を作る。
昨日の夜、雨が降った。だから道が濡れていた。
ゲームをするのが好き。しかし宿題があるから先にやろう。
運動が苦手。だけど運動会に向けて練習する。
猫が可愛い。だから猫カフェに行く。
誕生日にプレゼントをもらった。だから、ありがとうと言った。
夏休みに旅行に行った。だけど、台風で海に入れなかった。
サッカーの試合に出る。しかし、相手が強い。
姉妹でお茶会をする。だから、お菓子を作る。
テストが難しかった。だけど、頑張ったから合格した。
ピアノを習う。だから、毎日練習する。
おばあちゃんが来る。だから、掃除をする。
パーティーに招待された。しかし、ドレスがない。
雪が降ってきた。だから、雪だるまを作る。
ハンバーガーを作る。だから、たくさん具材を用意する。
旅行の計画をする。だけど、どこに行こうか迷う。
友達と一緒に買い物に行く。だけど、お金がない。
スポーツ大会がある。だから、練習をする。
ああ、これが夢じゃないと信じられない。
もしもし、こちらは警察です。
えっ、あなたがそのことを知っているとは信じられない。
おお、これは素晴らしい景色だ。
さあ、早く行かないと遅れるよ。
やれやれ、やっと終わった。
あら、あなたがこんなに成長したなんて驚きだ。
うん、その考えは良いと思う。
ええ、その提案には賛成だ。
おお、これはまるで絵画のようだ。
もしもし、あなたに急ぎの用件があります。
あら、このお菓子は美味しいわね。
えっ、こんなことが本当に起きたの？
さあ、楽しく食事をしましょう。
やれやれ、またこれから仕事か。
ああ、この感動は何と表現すべきか。
ねえ、君に話があるんだけど、聞いてくれる？
はい、その件については既に承知しています。
ええ、それで私たちは問題を解決できると思います。
おや、これは思わぬ出来事だ。
うん、これで君の問題は解決できるよ。
ああ、あなたがそこにいるとは思わなかった。
ええ、その提案は私にとっても魅力的だ。
もし、何か手伝うことがあったら言ってね。
おお、これは今までで最高の瞬間だ。
あら、今日の服装が本当に素敵ね。
えっ、こんな素晴らしいニュースを聞いていいの？
やれやれ、あなたはいつも面倒なことを起こすわね。
ああ、この場所はとても静かで落ち着くわ。
ねえ、君は本当にその考えを実現できると思うの？
はい、その計画は私たちの予算内に収まるわ。
さあ、お祭り気分で踊ろうよ！
あら、これが新しいトレンドなの？
ええ、私たちはそれについて熟考しているわ。
おお、この音楽は私を魅了するわ。
やれやれ、いつものように時間に遅れたわ。
ああ、この光景はまるで夢のようだ。
ねえ、今日は一緒に映画でも見に行かない？
えっ、本当にそれで解決するの？
あら、そのお菓子はとても甘くて美味しいわね。
おお、この絵本の主人公はとてもかわいいね。
あれ、この虫は何の虫だろう？
えっ、あのおじいさんは誰だったんだろう？
さあ、遊びましょう！
やれやれ、今日も宿題が山積みだ。
ああ、あの花畑はとても美しいね。
ねえ、今度の日曜日に遊びに行こうよ。
もし、何か困ったことがあったら言ってね。
おや、今日の空はどんな色？
うん、そんなに難しい問題じゃないよ。
あのかわいい犬は、公園でよく走り回っています。
このおもちゃの中に、たくさんの楽しい仕掛けが隠れています。
あの大きな木の下で、お弁当を食べると気持ちがいいですよ。
その小さな花は、道端に咲いていました。
このお店の中に、おいしいケーキがたくさんあります。
あの山に登ると、きっと素晴らしい景色が見られます。
この本は、たくさんの冒険が詰まっているんです。
その映画は、子どもたちに大人気です。
あの人の手作りのクッキーは、とてもおいしかったです。
おかしな格好をした人が、通りを歩いている。
いろんな色の花が、公園いっぱいに咲いている。
あらゆる方法を試しても、問題が解決しなかった。
我が家には、元気な猫が二匹います。
たいした力を持っていなくても、地道に努力すれば必ず成果が出ますよ。
とんだアクシデントが起きて、旅行計画が台無しになってしまった。
どの本も、興味深い内容が書かれていて、読むのが楽しいです。
ある晴れた日、友達と一緒に海に遊びに行った。
いわゆる「幸せ」とは、人それぞれ違うものなんです。
さる有名な科学者が、この発明に関わっているそうです。
どんな人でも、自分にできることがあります。
とんでもない冗談を言わないでください。
こんなに可愛い子猫は初めて見ました。
そんなに遠くまで行くのは大変ですね。
いかなる理由があっても、嘘はついてはいけません。
いわゆる難問でも、解決策は見つかることがあります。
きたるべき試験に備えて、勉強をがんばりましょう。
ひょんな出会いが、大切な友達を見つけるきっかけになることがあります。
むこう側に何があるのか、気になってしょうがありません。
わが国には、四季折々の美しい風景がたくさんあります。
なだたる山道から見る景色は素晴らしかった。
ふとした瞬間、心の中で感謝の言葉を捧げた。
みしらぬ人から手紙が届いて、嬉しかった。
この大きな公園で遊ぶのが好きだ。
あの小さな花がとても可愛らしいね。
ある日、いろんな夢を見た。
とんだ災難が起きて、焦った。
我が家の猫はとても甘えん坊だ。
たいした努力をしなくてもできることは少ない。
おかしな言葉を言って、友達を笑わせた。
その時のあの感覚が今でも忘れられない。
どの本を読んでも、面白くて時間を忘れる。
あらゆる可能性があると信じて、前向きに生きよう。
この大きなボールを蹴ります。
あのおかしな猫が鳴いています。
たいした問題ではありません。
いろんな人がいるものですね。
あの我が家の庭に花が咲いています。
どの小さな子供も可愛いですね。
そのとんだ話は信じられません。
ある時、私は山に登りました。
